<?xml version="1.0" encoding="UTF-8"?>
<!-- Generated by org.testng.reporters.JUnitXMLReporter -->
<testsuite ignored="0" hostname="LAPTOP-HFCPG5NQ" failures="0" tests="3" name="Default test" time="25.513" errors="0" timestamp="2021-10-03T15:30:30 IST">
  <testcase classname="com.letcode.testcases.in.TC001Login" name="LoginTest" time="1.058"/>
  <testcase classname="com.letcode.testcases.in.TC001Login" name="LoginTest" time="0.958"/>
  <testcase classname="com.letcode.testcases.in.TC001Login" name="LoginTest" time="0.905"/>
</testsuite> <!-- Default test -->
