<?xml version="1.0" encoding="UTF-8"?>
<!-- Generated by org.testng.reporters.JUnitXMLReporter -->
<testsuite ignored="2" hostname="LAPTOP-HFCPG5NQ" failures="0" tests="1" name="Test1" time="19.937" errors="0" timestamp="2021-09-27T21:53:24 IST">
  <testcase classname="DemoTest.ClassA" name="GoogleTest" time="15.961"/>
  <testcase classname="DemoTest.ClassC" name="MyntraTest" time="0.0">
    <ignored/>
  </testcase> <!-- MyntraTest -->
  <testcase classname="DemoTest.ClassB" name="FlipkartTest" time="0.0">
    <ignored/>
  </testcase> <!-- FlipkartTest -->
</testsuite> <!-- Test1 -->
