<?xml version="1.0" encoding="UTF-8"?>
<!-- Generated by org.testng.reporters.JUnitXMLReporter -->
<testsuite ignored="0" hostname="LAPTOP-HFCPG5NQ" failures="0" tests="3" name="Default test" time="21.545" errors="0" timestamp="2021-09-23T19:45:15 IST">
  <testcase classname="org.letcode.test.TC001Login" name="LoginTest" time="0.881"/>
  <testcase classname="org.letcode.test.TC001Login" name="LoginTest" time="0.751"/>
  <testcase classname="org.letcode.test.TC001Login" name="LoginTest" time="0.978"/>
</testsuite> <!-- Default test -->
