<?xml version="1.0" encoding="UTF-8"?>
<!-- Generated by org.testng.reporters.JUnitXMLReporter -->
<testsuite ignored="0" hostname="LAPTOP-HFCPG5NQ" failures="0" tests="6" name="Default test" time="0.101" errors="0" timestamp="2021-10-03T14:47:03 IST">
  <testcase classname="BasicTestng.Basic2" name="testSec1" time="0.016"/>
  <testcase classname="BasicTestng.Basic2" name="testSec2" time="0.001"/>
  <testcase classname="BasicTestng.Basic2" name="testSec3" time="0.001"/>
  <testcase classname="BasicTestng.Basic2" name="testSec4" time="0.002"/>
  <testcase classname="BasicTestng.Basic2" name="testSec5" time="0.002"/>
  <testcase classname="BasicTestng.Basic2" name="testSec6" time="0.003"/>
</testsuite> <!-- Default test -->
