<?xml version="1.0" encoding="UTF-8"?>
<!-- Generated by org.testng.reporters.JUnitXMLReporter -->
<testsuite ignored="0" hostname="LAPTOP-HFCPG5NQ" failures="0" tests="12" name="Test" time="0.152" errors="0" timestamp="2021-09-11T15:24:05 IST">
  <testcase classname="BasicTestng.Basic2" name="testSec1" time="0.016"/>
  <testcase classname="BasicTestng.Basic2" name="testSec2" time="0.003"/>
  <testcase classname="BasicTestng.Basic2" name="testSec3" time="0.002"/>
  <testcase classname="BasicTestng.Basic2" name="testSec4" time="0.002"/>
  <testcase classname="BasicTestng.Basic2" name="testSec5" time="0.003"/>
  <testcase classname="BasicTestng.Basic2" name="testSec6" time="0.002"/>
  <testcase classname="BasicTestng.TestngBasic" name="a" time="0.001"/>
  <testcase classname="BasicTestng.TestngBasic" name="b" time="0.002"/>
  <testcase classname="BasicTestng.TestngBasic" name="c" time="0.002"/>
  <testcase classname="BasicTestng.TestngBasic" name="d" time="0.001"/>
  <testcase classname="BasicTestng.TestngBasic" name="e" time="0.002"/>
  <testcase classname="BasicTestng.TestngBasic" name="f" time="0.002"/>
</testsuite> <!-- Test -->
