<?xml version="1.0" encoding="UTF-8"?>
<testng-results ignored="0" total="3" passed="3" failed="0" skipped="0">
  <reporter-output>
  </reporter-output>
  <suite started-at="2021-10-03T15:30:05 IST" name="Default suite" finished-at="2021-10-03T15:30:30 IST" duration-ms="25513">
    <groups>
    </groups>
    <test started-at="2021-10-03T15:30:05 IST" name="Default test" finished-at="2021-10-03T15:30:30 IST" duration-ms="25513">
      <class name="com.letcode.testcases.in.TC001Login">
        <test-method is-config="true" signature="SetData()[pri:0, instance:com.letcode.testcases.in.TC001Login@409bf450]" started-at="2021-10-03T15:30:05 IST" name="SetData" finished-at="2021-10-03T15:30:05 IST" duration-ms="22" status="PASS">
          <reporter-output>
          </reporter-output>
        </test-method> <!-- SetData -->
        <test-method is-config="true" signature="beforeMethod()[pri:0, instance:com.letcode.testcases.in.TC001Login@409bf450]" started-at="2021-10-03T15:30:06 IST" name="beforeMethod" finished-at="2021-10-03T15:30:15 IST" duration-ms="9258" status="PASS">
          <reporter-output>
          </reporter-output>
        </test-method> <!-- beforeMethod -->
        <test-method signature="LoginTest(java.lang.String,java.lang.String)[pri:0, instance:com.letcode.testcases.in.TC001Login@409bf450]" started-at="2021-10-03T15:30:15 IST" name="LoginTest" data-provider="Data" finished-at="2021-10-03T15:30:16 IST" duration-ms="1058" status="PASS">
          <params>
            <param index="0">
              <value>
                <![CDATA[test1]]>
              </value>
            </param>
            <param index="1">
              <value>
                <![CDATA[test1]]>
              </value>
            </param>
          </params>
          <reporter-output>
          </reporter-output>
        </test-method> <!-- LoginTest -->
        <test-method is-config="true" signature="beforeMethod()[pri:0, instance:com.letcode.testcases.in.TC001Login@409bf450]" started-at="2021-10-03T15:30:16 IST" name="beforeMethod" finished-at="2021-10-03T15:30:22 IST" duration-ms="5983" status="PASS">
          <reporter-output>
          </reporter-output>
        </test-method> <!-- beforeMethod -->
        <test-method signature="LoginTest(java.lang.String,java.lang.String)[pri:0, instance:com.letcode.testcases.in.TC001Login@409bf450]" started-at="2021-10-03T15:30:22 IST" name="LoginTest" data-provider="Data" finished-at="2021-10-03T15:30:23 IST" duration-ms="958" status="PASS">
          <params>
            <param index="0">
              <value>
                <![CDATA[test2]]>
              </value>
            </param>
            <param index="1">
              <value>
                <![CDATA[test2]]>
              </value>
            </param>
          </params>
          <reporter-output>
          </reporter-output>
        </test-method> <!-- LoginTest -->
        <test-method is-config="true" signature="beforeMethod()[pri:0, instance:com.letcode.testcases.in.TC001Login@409bf450]" started-at="2021-10-03T15:30:23 IST" name="beforeMethod" finished-at="2021-10-03T15:30:29 IST" duration-ms="6228" status="PASS">
          <reporter-output>
          </reporter-output>
        </test-method> <!-- beforeMethod -->
        <test-method signature="LoginTest(java.lang.String,java.lang.String)[pri:0, instance:com.letcode.testcases.in.TC001Login@409bf450]" started-at="2021-10-03T15:30:29 IST" name="LoginTest" data-provider="Data" finished-at="2021-10-03T15:30:30 IST" duration-ms="905" status="PASS">
          <params>
            <param index="0">
              <value>
                <![CDATA[arunkumarselvaraj103@gmail.com]]>
              </value>
            </param>
            <param index="1">
              <value>
                <![CDATA[Arun@1911]]>
              </value>
            </param>
          </params>
          <reporter-output>
          </reporter-output>
        </test-method> <!-- LoginTest -->
      </class> <!-- com.letcode.testcases.in.TC001Login -->
    </test> <!-- Default test -->
  </suite> <!-- Default suite -->
</testng-results>
