<?xml version="1.0" encoding="UTF-8"?>
<testng-results ignored="0" total="6" passed="6" failed="0" skipped="0">
  <reporter-output>
  </reporter-output>
  <suite started-at="2021-10-03T14:47:03 IST" name="Default suite" finished-at="2021-10-03T14:47:03 IST" duration-ms="101">
    <groups>
      <group name="First class">
        <method signature="Basic2.testSec1()[pri:0, instance:BasicTestng.Basic2@7c0c77c7]" name="testSec1" class="BasicTestng.Basic2"/>
        <method signature="Basic2.testSec2()[pri:0, instance:BasicTestng.Basic2@7c0c77c7]" name="testSec2" class="BasicTestng.Basic2"/>
        <method signature="Basic2.testSec3()[pri:0, instance:BasicTestng.Basic2@7c0c77c7]" name="testSec3" class="BasicTestng.Basic2"/>
        <method signature="Basic2.testSec4()[pri:0, instance:BasicTestng.Basic2@7c0c77c7]" name="testSec4" class="BasicTestng.Basic2"/>
        <method signature="Basic2.testSec5()[pri:0, instance:BasicTestng.Basic2@7c0c77c7]" name="testSec5" class="BasicTestng.Basic2"/>
        <method signature="Basic2.testSec6()[pri:0, instance:BasicTestng.Basic2@7c0c77c7]" name="testSec6" class="BasicTestng.Basic2"/>
      </group> <!-- First class -->
    </groups>
    <test started-at="2021-10-03T14:47:03 IST" name="Default test" finished-at="2021-10-03T14:47:03 IST" duration-ms="101">
      <class name="BasicTestng.Basic2">
        <test-method signature="testSec1()[pri:0, instance:BasicTestng.Basic2@7c0c77c7]" started-at="2021-10-03T14:47:03 IST" name="testSec1" finished-at="2021-10-03T14:47:03 IST" duration-ms="16" status="PASS">
          <reporter-output>
          </reporter-output>
        </test-method> <!-- testSec1 -->
        <test-method signature="testSec2()[pri:0, instance:BasicTestng.Basic2@7c0c77c7]" started-at="2021-10-03T14:47:03 IST" name="testSec2" finished-at="2021-10-03T14:47:03 IST" duration-ms="1" status="PASS">
          <reporter-output>
          </reporter-output>
        </test-method> <!-- testSec2 -->
        <test-method signature="testSec3()[pri:0, instance:BasicTestng.Basic2@7c0c77c7]" started-at="2021-10-03T14:47:03 IST" name="testSec3" finished-at="2021-10-03T14:47:03 IST" duration-ms="1" status="PASS">
          <reporter-output>
          </reporter-output>
        </test-method> <!-- testSec3 -->
        <test-method signature="testSec4()[pri:0, instance:BasicTestng.Basic2@7c0c77c7]" started-at="2021-10-03T14:47:03 IST" name="testSec4" finished-at="2021-10-03T14:47:03 IST" duration-ms="2" status="PASS">
          <reporter-output>
          </reporter-output>
        </test-method> <!-- testSec4 -->
        <test-method signature="testSec5()[pri:0, instance:BasicTestng.Basic2@7c0c77c7]" started-at="2021-10-03T14:47:03 IST" name="testSec5" finished-at="2021-10-03T14:47:03 IST" duration-ms="2" status="PASS">
          <reporter-output>
          </reporter-output>
        </test-method> <!-- testSec5 -->
        <test-method signature="testSec6()[pri:0, instance:BasicTestng.Basic2@7c0c77c7]" started-at="2021-10-03T14:47:03 IST" name="testSec6" finished-at="2021-10-03T14:47:03 IST" duration-ms="3" status="PASS">
          <reporter-output>
          </reporter-output>
        </test-method> <!-- testSec6 -->
      </class> <!-- BasicTestng.Basic2 -->
    </test> <!-- Default test -->
  </suite> <!-- Default suite -->
</testng-results>
